{
  "stats": {
    "suites": 2,
    "tests": 3,
    "passes": 3,
    "pending": 0,
    "failures": 0,
    "start": "2017-09-26T08:01:19.336Z",
    "end": "2017-09-26T08:01:19.338Z",
    "duration": 2,
    "testsRegistered": 3,
    "passPercent": 100,
    "pendingPercent": 0,
    "other": 0,
    "hasOther": false,
    "skipped": 0,
    "hasSkipped": false,
    "passPercentClass": "success",
    "pendingPercentClass": "danger"
  },
  "suites": {
    "title": "",
    "suites": [
      {
        "title": "test/add.test.js-11111加法函数的测试",
        "suites": [],
        "tests": [
          {
            "title": "1 加 1 应该等于 2",
            "fullTitle": "test/add.test.js-11111加法函数的测试 1 加 1 应该等于 2",
            "timedOut": false,
            "duration": 0,
            "state": "passed",
            "speed": "fast",
            "pass": true,
            "fail": false,
            "pending": false,
            "code": "expect(add(1, 1)).to.be.equal(2);",
            "err": {},
            "isRoot": false,
            "uuid": "6087fa99-330c-4551-b803-7c1869a2dd87",
            "parentUUID": "9554a39a-2245-47c5-90d0-6e591389e4fa",
            "isHook": false,
            "skipped": false
          },
          {
            "title": "任何数加0应该等于自身",
            "fullTitle": "test/add.test.js-11111加法函数的测试 任何数加0应该等于自身",
            "timedOut": false,
            "duration": 1,
            "state": "passed",
            "speed": "fast",
            "pass": true,
            "fail": false,
            "pending": false,
            "code": "expect(add(1, 0)).to.be.equal(1);",
            "err": {},
            "isRoot": false,
            "uuid": "b105f1ef-bda0-4f79-8d57-330b14a6e00f",
            "parentUUID": "9554a39a-2245-47c5-90d0-6e591389e4fa",
            "isHook": false,
            "skipped": false
          }
        ],
        "pending": [],
        "root": false,
        "_timeout": 2000,
        "file": "/test/add.test.js",
        "uuid": "9554a39a-2245-47c5-90d0-6e591389e4fa",
        "beforeHooks": [],
        "afterHooks": [],
        "fullFile": "/Users/huanghui/Documents/ReactJs/单元测试/mocha-demos/demo10/test/add.test.js",
        "passes": [
          {
            "title": "1 加 1 应该等于 2",
            "fullTitle": "test/add.test.js-11111加法函数的测试 1 加 1 应该等于 2",
            "timedOut": false,
            "duration": 0,
            "state": "passed",
            "speed": "fast",
            "pass": true,
            "fail": false,
            "pending": false,
            "code": "expect(add(1, 1)).to.be.equal(2);",
            "err": {},
            "isRoot": false,
            "uuid": "6087fa99-330c-4551-b803-7c1869a2dd87",
            "parentUUID": "9554a39a-2245-47c5-90d0-6e591389e4fa",
            "isHook": false,
            "skipped": false
          },
          {
            "title": "任何数加0应该等于自身",
            "fullTitle": "test/add.test.js-11111加法函数的测试 任何数加0应该等于自身",
            "timedOut": false,
            "duration": 1,
            "state": "passed",
            "speed": "fast",
            "pass": true,
            "fail": false,
            "pending": false,
            "code": "expect(add(1, 0)).to.be.equal(1);",
            "err": {},
            "isRoot": false,
            "uuid": "b105f1ef-bda0-4f79-8d57-330b14a6e00f",
            "parentUUID": "9554a39a-2245-47c5-90d0-6e591389e4fa",
            "isHook": false,
            "skipped": false
          }
        ],
        "failures": [],
        "skipped": [],
        "hasBeforeHooks": false,
        "hasAfterHooks": false,
        "hasTests": true,
        "hasSuites": false,
        "totalTests": 2,
        "totalPasses": 2,
        "totalFailures": 0,
        "totalPending": 0,
        "totalSkipped": 0,
        "hasPasses": true,
        "hasFailures": false,
        "hasPending": false,
        "hasSkipped": false,
        "duration": 1,
        "rootEmpty": false
      },
      {
        "title": "/test/dir/multiply.test.js-乘法函数的测试",
        "suites": [],
        "tests": [
          {
            "title": "1 乘 1 应该等于 1",
            "fullTitle": "/test/dir/multiply.test.js-乘法函数的测试 1 乘 1 应该等于 1",
            "timedOut": false,
            "duration": 0,
            "state": "passed",
            "speed": "fast",
            "pass": true,
            "fail": false,
            "pending": false,
            "code": "expect(multiply(1, 1)).to.be.equal(1);",
            "err": {},
            "isRoot": false,
            "uuid": "527d1877-ee4d-4cc4-83f8-7615ea2be2b0",
            "parentUUID": "0b961576-cb13-459b-974f-02453d78aa29",
            "isHook": false,
            "skipped": false
          }
        ],
        "pending": [],
        "root": false,
        "_timeout": 2000,
        "file": "/test/dir/multiply.test.js",
        "uuid": "0b961576-cb13-459b-974f-02453d78aa29",
        "beforeHooks": [],
        "afterHooks": [],
        "fullFile": "/Users/huanghui/Documents/ReactJs/单元测试/mocha-demos/demo10/test/dir/multiply.test.js",
        "passes": [
          {
            "title": "1 乘 1 应该等于 1",
            "fullTitle": "/test/dir/multiply.test.js-乘法函数的测试 1 乘 1 应该等于 1",
            "timedOut": false,
            "duration": 0,
            "state": "passed",
            "speed": "fast",
            "pass": true,
            "fail": false,
            "pending": false,
            "code": "expect(multiply(1, 1)).to.be.equal(1);",
            "err": {},
            "isRoot": false,
            "uuid": "527d1877-ee4d-4cc4-83f8-7615ea2be2b0",
            "parentUUID": "0b961576-cb13-459b-974f-02453d78aa29",
            "isHook": false,
            "skipped": false
          }
        ],
        "failures": [],
        "skipped": [],
        "hasBeforeHooks": false,
        "hasAfterHooks": false,
        "hasTests": true,
        "hasSuites": false,
        "totalTests": 1,
        "totalPasses": 1,
        "totalFailures": 0,
        "totalPending": 0,
        "totalSkipped": 0,
        "hasPasses": true,
        "hasFailures": false,
        "hasPending": false,
        "hasSkipped": false,
        "duration": 0,
        "rootEmpty": false
      }
    ],
    "tests": [],
    "pending": [],
    "root": true,
    "_timeout": 2000,
    "uuid": "91352944-3bfc-42ae-9db4-a69eee522603",
    "beforeHooks": [],
    "afterHooks": [],
    "fullFile": "",
    "file": "",
    "passes": [],
    "failures": [],
    "skipped": [],
    "hasBeforeHooks": false,
    "hasAfterHooks": false,
    "hasTests": false,
    "hasSuites": true,
    "totalTests": 0,
    "totalPasses": 0,
    "totalFailures": 0,
    "totalPending": 0,
    "totalSkipped": 0,
    "hasPasses": false,
    "hasFailures": false,
    "hasPending": false,
    "hasSkipped": false,
    "duration": 0,
    "rootEmpty": true
  },
  "allTests": [
    {
      "title": "1 加 1 应该等于 2",
      "fullTitle": "test/add.test.js-11111加法函数的测试 1 加 1 应该等于 2",
      "timedOut": false,
      "duration": 0,
      "state": "passed",
      "speed": "fast",
      "pass": true,
      "fail": false,
      "pending": false,
      "code": "expect(add(1, 1)).to.be.equal(2);",
      "err": {},
      "isRoot": false,
      "uuid": "6087fa99-330c-4551-b803-7c1869a2dd87",
      "parentUUID": "9554a39a-2245-47c5-90d0-6e591389e4fa",
      "isHook": false,
      "skipped": false
    },
    {
      "title": "任何数加0应该等于自身",
      "fullTitle": "test/add.test.js-11111加法函数的测试 任何数加0应该等于自身",
      "timedOut": false,
      "duration": 1,
      "state": "passed",
      "speed": "fast",
      "pass": true,
      "fail": false,
      "pending": false,
      "code": "expect(add(1, 0)).to.be.equal(1);",
      "err": {},
      "isRoot": false,
      "uuid": "b105f1ef-bda0-4f79-8d57-330b14a6e00f",
      "parentUUID": "9554a39a-2245-47c5-90d0-6e591389e4fa",
      "isHook": false,
      "skipped": false
    },
    {
      "title": "1 乘 1 应该等于 1",
      "fullTitle": "/test/dir/multiply.test.js-乘法函数的测试 1 乘 1 应该等于 1",
      "timedOut": false,
      "duration": 0,
      "state": "passed",
      "speed": "fast",
      "pass": true,
      "fail": false,
      "pending": false,
      "code": "expect(multiply(1, 1)).to.be.equal(1);",
      "err": {},
      "isRoot": false,
      "uuid": "527d1877-ee4d-4cc4-83f8-7615ea2be2b0",
      "parentUUID": "0b961576-cb13-459b-974f-02453d78aa29",
      "isHook": false,
      "skipped": false
    }
  ],
  "allPending": [],
  "allPasses": [
    {
      "title": "1 加 1 应该等于 2",
      "fullTitle": "test/add.test.js-11111加法函数的测试 1 加 1 应该等于 2",
      "timedOut": false,
      "duration": 0,
      "state": "passed",
      "speed": "fast",
      "pass": true,
      "fail": false,
      "pending": false,
      "code": "expect(add(1, 1)).to.be.equal(2);",
      "err": {},
      "isRoot": false,
      "uuid": "6087fa99-330c-4551-b803-7c1869a2dd87",
      "parentUUID": "9554a39a-2245-47c5-90d0-6e591389e4fa",
      "isHook": false,
      "skipped": false
    },
    {
      "title": "任何数加0应该等于自身",
      "fullTitle": "test/add.test.js-11111加法函数的测试 任何数加0应该等于自身",
      "timedOut": false,
      "duration": 1,
      "state": "passed",
      "speed": "fast",
      "pass": true,
      "fail": false,
      "pending": false,
      "code": "expect(add(1, 0)).to.be.equal(1);",
      "err": {},
      "isRoot": false,
      "uuid": "b105f1ef-bda0-4f79-8d57-330b14a6e00f",
      "parentUUID": "9554a39a-2245-47c5-90d0-6e591389e4fa",
      "isHook": false,
      "skipped": false
    },
    {
      "title": "1 乘 1 应该等于 1",
      "fullTitle": "/test/dir/multiply.test.js-乘法函数的测试 1 乘 1 应该等于 1",
      "timedOut": false,
      "duration": 0,
      "state": "passed",
      "speed": "fast",
      "pass": true,
      "fail": false,
      "pending": false,
      "code": "expect(multiply(1, 1)).to.be.equal(1);",
      "err": {},
      "isRoot": false,
      "uuid": "527d1877-ee4d-4cc4-83f8-7615ea2be2b0",
      "parentUUID": "0b961576-cb13-459b-974f-02453d78aa29",
      "isHook": false,
      "skipped": false
    }
  ],
  "allFailures": [],
  "copyrightYear": 2017
}